<?xml version="1.0" encoding="UTF-8"?>
<!-- Generated by org.testng.reporters.JUnitXMLReporter -->
<testsuite ignored="0" hostname="VincentLaptop" failures="0" tests="2" name="SecuritEaseTechAssessment" time="2.56" errors="0" timestamp="2023-10-01T10:38:20 NZDT">
  <testcase classname="net.dirksonline.securiteasetechassessment.APITest" name="testGetUsers" time="1.916"/>
  <testcase classname="net.dirksonline.securiteasetechassessment.APITest" name="testGetUsersPage2" time="0.175"/>
</testsuite> <!-- SecuritEaseTechAssessment -->
