<?xml version="1.0" encoding="UTF-8"?>
<testng-results ignored="0" total="2" passed="2" failed="0" skipped="0">
  <reporter-output>
  </reporter-output>
  <suite started-at="2023-10-01T10:38:18 NZDT" name="Default Suite" finished-at="2023-10-01T10:38:20 NZDT" duration-ms="2560">
    <groups>
    </groups>
    <test started-at="2023-10-01T10:38:18 NZDT" name="SecuritEaseTechAssessment" finished-at="2023-10-01T10:38:20 NZDT" duration-ms="2560">
      <class name="net.dirksonline.securiteasetechassessment.APITest">
        <test-method is-config="true" signature="setup()[pri:0, instance:net.dirksonline.securiteasetechassessment.APITest@9f116cc]" started-at="2023-10-01T10:38:18 NZDT" name="setup" finished-at="2023-10-01T10:38:18 NZDT" duration-ms="430" status="PASS">
          <reporter-output>
          </reporter-output>
        </test-method> <!-- setup -->
        <test-method signature="testGetUsers()[pri:0, instance:net.dirksonline.securiteasetechassessment.APITest@9f116cc]" started-at="2023-10-01T10:38:18 NZDT" name="testGetUsers" description="Fetch first page of list of users, and it contains a user George" finished-at="2023-10-01T10:38:20 NZDT" duration-ms="1916" status="PASS">
          <reporter-output>
          </reporter-output>
        </test-method> <!-- testGetUsers -->
        <test-method signature="testGetUsersPage2()[pri:0, instance:net.dirksonline.securiteasetechassessment.APITest@9f116cc]" started-at="2023-10-01T10:38:20 NZDT" name="testGetUsersPage2" description="Fetch second page of list of users, and it contains another user George" finished-at="2023-10-01T10:38:20 NZDT" duration-ms="175" status="PASS">
          <reporter-output>
          </reporter-output>
        </test-method> <!-- testGetUsersPage2 -->
      </class> <!-- net.dirksonline.securiteasetechassessment.APITest -->
    </test> <!-- SecuritEaseTechAssessment -->
  </suite> <!-- Default Suite -->
</testng-results>
